\BOOKMARK [1][-]{section.1}{Generate Normal Random Variables}{}% 1
\BOOKMARK [2][-]{subsection.1.1}{Importance of Normal Distribution}{section.1}% 2
\BOOKMARK [2][-]{subsection.1.2}{Box Muller method}{section.1}% 3
\BOOKMARK [3][-]{subsubsection.1.2.1}{Mathematical principle}{subsection.1.2}% 4
\BOOKMARK [3][-]{subsubsection.1.2.2}{Implementation}{subsection.1.2}% 5
\BOOKMARK [3][-]{subsubsection.1.2.3}{Result}{subsection.1.2}% 6
\BOOKMARK [2][-]{subsection.1.3}{Polar Marsaglia Method}{section.1}% 7
\BOOKMARK [3][-]{subsubsection.1.3.1}{Mathematical Principle}{subsection.1.3}% 8
\BOOKMARK [3][-]{subsubsection.1.3.2}{Implementation}{subsection.1.3}% 9
\BOOKMARK [3][-]{subsubsection.1.3.3}{Result}{subsection.1.3}% 10
\BOOKMARK [1][-]{section.2}{Generate Gamma Random Variables}{}% 11
\BOOKMARK [2][-]{subsection.2.1}{Accept-Reject Sampling}{section.2}% 12
\BOOKMARK [2][-]{subsection.2.2}{Implementation}{section.2}% 13
\BOOKMARK [2][-]{subsection.2.3}{Result}{section.2}% 14
\BOOKMARK [1][-]{section.3}{Alpha-Stable pdfs}{}% 15
\BOOKMARK [2][-]{subsection.3.1}{Mathematic Principle}{section.3}% 16
\BOOKMARK [2][-]{subsection.3.2}{Implementation}{section.3}% 17
\BOOKMARK [2][-]{subsection.3.3}{Result}{section.3}% 18
\BOOKMARK [3][-]{subsubsection.3.3.1}{= 0}{subsection.3.3}% 19
\BOOKMARK [3][-]{subsubsection.3.3.2}{= 0.75}{subsection.3.3}% 20
\BOOKMARK [1][-]{section.4}{Appendix}{}% 21
